2023-11-05 11:50:59,934:INFO:Bot is ready.
2023-11-05 11:52:39,103:INFO:Bot is ready.
2023-11-05 11:54:02,880:INFO:Bot is ready.
2023-11-05 11:54:52,575:INFO:Server started by spyanatos (ID: 177685932877545472) with PID: 2064
2023-11-05 13:01:43,676:INFO:Server started by spyanatos (ID: 177685932877545472) with PID: 19860
2023-11-05 18:17:28,269:INFO:Server started by spyanatos (ID: 177685932877545472) with PID: 6620
2023-11-05 18:33:04,371:INFO:Bot is ready.
2023-11-05 18:33:58,581:INFO:Server started by spyanatos (ID: 177685932877545472) with PID: 13980
2023-11-05 18:49:18,770:INFO:Server started by spyanatos (ID: 177685932877545472) with PID: 28444
2023-11-05 19:00:43,064:INFO:Server started by spyanatos (ID: 177685932877545472) with PID: 28268
2023-11-05 20:27:24,118:INFO:Server started by spyanatos (ID: 177685932877545472) with PID: 17596
2023-11-05 23:28:51,429:INFO:Server started by spyanatos (ID: 177685932877545472) with PID: 25524
2023-11-05 23:58:08,046:INFO:Server started by spyanatos (ID: 177685932877545472) with PID: 28288
2023-11-06 01:17:04,102:INFO:Server started by spyanatos (ID: 177685932877545472) with PID: 30072
2023-11-06 01:30:15,220:INFO:Server started by spyanatos (ID: 177685932877545472) with PID: 5804
2023-11-06 01:50:59,494:INFO:Server started by spyanatos (ID: 177685932877545472) with PID: 26588
2023-11-06 01:54:48,061:INFO:Server started by spyanatos (ID: 177685932877545472) with PID: 28768
2023-11-06 02:00:19,643:INFO:Server started by spyanatos (ID: 177685932877545472) with PID: 8672
2023-11-06 15:33:23,992:INFO:Server started by spyanatos (ID: 177685932877545472) with PID: 18832
2023-11-06 17:32:40,747:INFO:Server started by spyanatos (ID: 177685932877545472) with PID: 20504
2023-11-06 18:03:29,910:INFO:Server started by spyanatos (ID: 177685932877545472) with PID: 2340
2023-11-06 19:22:43,773:INFO:Server started by spyanatos (ID: 177685932877545472) with PID: 30096
2023-11-06 21:29:21,414:INFO:Server started by Pauly#4314 (ID: 121848776590753794) with PID: 33584
2023-11-06 21:34:23,665:INFO:Server started by amaruthefallen (ID: 340243373803700226) with PID: 10896
2023-11-06 22:48:39,282:INFO:Server started by Pauly#4314 (ID: 121848776590753794) with PID: 33312
2023-11-06 23:35:34,983:INFO:Server started by spyanatos (ID: 177685932877545472) with PID: 25936
2023-11-06 23:53:44,041:INFO:Server started by spyanatos (ID: 177685932877545472) with PID: 27756
2023-11-07 00:36:56,662:INFO:Server started by spyanatos (ID: 177685932877545472) with PID: 34532
2023-11-07 00:55:51,558:INFO:Server started by spyanatos (ID: 177685932877545472) with PID: 30740
2023-11-07 08:06:24,654:INFO:Server started by spyanatos (ID: 177685932877545472) with PID: 5764
2023-11-07 18:04:13,017:INFO:Server started by spyanatos (ID: 177685932877545472) with PID: 26376
2023-11-07 19:41:43,364:INFO:Server started by spyanatos (ID: 177685932877545472) with PID: 25768
2023-11-07 20:29:46,158:INFO:Server started by spyanatos (ID: 177685932877545472) with PID: 36524
2023-11-07 20:43:02,470:INFO:Server started by spyanatos (ID: 177685932877545472) with PID: 35328
2023-11-07 20:57:02,214:INFO:Server started by spyanatos (ID: 177685932877545472) with PID: 30288
2023-11-07 21:53:18,088:INFO:Server started by spyanatos (ID: 177685932877545472) with PID: 1532
2023-11-07 23:54:30,583:INFO:Server started by spyanatos (ID: 177685932877545472) with PID: 5652
2023-11-08 01:42:54,523:INFO:Bot is ready.
2023-11-08 03:04:10,275:INFO:Server started by spyanatos (ID: 177685932877545472) with PID: 34188
2023-11-08 03:05:18,304:INFO:Bot is ready.
2023-11-08 03:05:27,275:INFO:Server started by spyanatos (ID: 177685932877545472) with PID: 36816
2023-11-08 03:06:49,293:INFO:Bot is ready.
2023-11-08 03:06:53,283:INFO:Server started by spyanatos (ID: 177685932877545472) with PID: 8728
2023-11-08 03:07:43,146:INFO:Bot is ready.
2023-11-08 03:09:52,277:INFO:Bot is ready.
2023-11-08 03:09:58,527:ERROR:Failed to start the server by spyanatos (ID: 177685932877545472): [WinError 2] The system cannot find the file specified
2023-11-08 03:10:53,087:INFO:Bot is ready.
2023-11-08 03:10:57,372:INFO:Server started by spyanatos (ID: 177685932877545472) with PID: 22468
2023-11-08 03:11:47,871:INFO:Server started by spyanatos (ID: 177685932877545472) with PID: 32740
2023-11-08 03:12:49,240:INFO:Bot is ready.
2023-11-08 03:12:55,487:INFO:Server started by spyanatos (ID: 177685932877545472) with PID: 9036
2023-11-08 03:16:09,682:INFO:Bot is ready.
2023-11-08 03:16:14,505:INFO:Server started by spyanatos (ID: 177685932877545472) with PID: 31680
2023-11-08 03:24:37,796:INFO:Server started by spyanatos (ID: 177685932877545472) with PID: 28232
2023-11-08 03:25:44,082:INFO:Server started by spyanatos (ID: 177685932877545472) with PID: 25888
2023-11-08 10:37:34,387:INFO:Server started by spyanatos (ID: 177685932877545472) with PID: 5916
2023-11-08 16:49:46,061:INFO:Bot is ready.
2023-11-08 16:49:53,642:INFO:Server started by spyanatos (ID: 177685932877545472) with PID: 2056
2023-11-08 18:16:28,688:INFO:Server started by spyanatos (ID: 177685932877545472) with PID: 5760
2023-11-09 05:28:12,409:INFO:Server started by spyanatos (ID: 177685932877545472) with PID: 24256
2023-11-09 05:30:28,297:INFO:Server started by spyanatos (ID: 177685932877545472) with PID: 34168
2023-11-10 02:42:26,573:INFO:Bot is ready.
2023-11-10 02:43:57,121:INFO:Bot is ready.
2023-11-10 02:44:17,364:INFO:RCON command response: Exiting... 
 
2023-11-10 02:46:40,777:INFO:Server started by spyanatos (ID: 177685932877545472) with PID: 34832
2023-11-10 02:58:07,527:INFO:Bot is ready.
2023-11-10 02:58:20,352:INFO:RCON command response: Server received, But no response!! 
 
2023-11-10 02:58:20,352:INFO:Server chat warning response: Server received, But no response!! 
 
2023-11-10 03:03:20,451:INFO:RCON command response: Exiting... 
 
2023-11-10 03:03:24,786:INFO:Shutdown command response: Exiting... 
 
